<?xml version="1.0" encoding="UTF-8"?>
<testsuite name="imgsystem.demo.ImgSystemServiceTest" tests="6" skipped="0" failures="3" errors="0" timestamp="2024-12-08T09:06:51" hostname="jeonghyeonjin-ui-MacBookPro.local" time="1.672">
  <properties/>
  <testcase name="getGroupKey()" classname="imgsystem.demo.ImgSystemServiceTest" time="1.461">
    <failure message="java.lang.NullPointerException" type="java.lang.NullPointerException">java.lang.NullPointerException
	at java.base/java.util.Objects.requireNonNull(Objects.java:209)
	at java.base/java.util.Arrays$ArrayList.&lt;init&gt;(Arrays.java:4137)
	at java.base/java.util.Arrays.asList(Arrays.java:4122)
	at imgsystem.demo.ImgSystemServiceTest.getGroupKey(ImgSystemServiceTest.java:83)
	at java.base/java.lang.reflect.Method.invoke(Method.java:568)
	at java.base/java.util.ArrayList.forEach(ArrayList.java:1511)
	at java.base/java.util.ArrayList.forEach(ArrayList.java:1511)
</failure>
  </testcase>
  <testcase name="getZipFileExtension()" classname="imgsystem.demo.ImgSystemServiceTest" time="0.025"/>
  <testcase name="getFolderName()" classname="imgsystem.demo.ImgSystemServiceTest" time="0.004"/>
  <testcase name="getUnzipFiles()" classname="imgsystem.demo.ImgSystemServiceTest" time="0.01">
    <failure message="java.lang.NullPointerException: Cannot read the array length because &quot;files&quot; is null" type="java.lang.NullPointerException">java.lang.NullPointerException: Cannot read the array length because &quot;files&quot; is null
	at imgsystem.demo.ImgSystemServiceTest.getUnzipFiles(ImgSystemServiceTest.java:59)
	at java.base/java.lang.reflect.Method.invoke(Method.java:568)
	at java.base/java.util.ArrayList.forEach(ArrayList.java:1511)
	at java.base/java.util.ArrayList.forEach(ArrayList.java:1511)
</failure>
  </testcase>
  <testcase name="unzipFile()" classname="imgsystem.demo.ImgSystemServiceTest" time="0.102"/>
  <testcase name="getUnzipFileInfos()" classname="imgsystem.demo.ImgSystemServiceTest" time="0.037">
    <failure message="org.opentest4j.AssertionFailedError: expected: &lt;KakaoTalk2_Photo_2022-12-28-13-04-53.jpeg&gt; but was: &lt;KakaoTalk_Photo_2022-12-28-13-20-53.jpeg&gt;" type="org.opentest4j.AssertionFailedError">org.opentest4j.AssertionFailedError: expected: &lt;KakaoTalk2_Photo_2022-12-28-13-04-53.jpeg&gt; but was: &lt;KakaoTalk_Photo_2022-12-28-13-20-53.jpeg&gt;
	at app//org.junit.jupiter.api.AssertionFailureBuilder.build(AssertionFailureBuilder.java:151)
	at app//org.junit.jupiter.api.AssertionFailureBuilder.buildAndThrow(AssertionFailureBuilder.java:132)
	at app//org.junit.jupiter.api.AssertEquals.failNotEqual(AssertEquals.java:197)
	at app//org.junit.jupiter.api.AssertEquals.assertEquals(AssertEquals.java:182)
	at app//org.junit.jupiter.api.AssertEquals.assertEquals(AssertEquals.java:177)
	at app//org.junit.jupiter.api.Assertions.assertEquals(Assertions.java:1145)
	at app//imgsystem.demo.ImgSystemServiceTest.getUnzipFileInfos(ImgSystemServiceTest.java:74)
	at java.base@17.0.10/java.lang.reflect.Method.invoke(Method.java:568)
	at java.base@17.0.10/java.util.ArrayList.forEach(ArrayList.java:1511)
	at java.base@17.0.10/java.util.ArrayList.forEach(ArrayList.java:1511)
</failure>
  </testcase>
  <system-out><![CDATA[18:06:46.819 [Test worker] INFO org.springframework.test.context.support.AnnotationConfigContextLoaderUtils -- Could not detect default configuration classes for test class [imgsystem.demo.ImgSystemServiceTest]: ImgSystemServiceTest does not declare any static, non-private, non-final, nested classes annotated with @Configuration.
18:06:47.090 [Test worker] INFO org.springframework.boot.test.context.SpringBootTestContextBootstrapper -- Found @SpringBootConfiguration imgsystem.ImgSystemDemoApplication for test class imgsystem.demo.ImgSystemServiceTest

  .   ____          _            __ _ _
 /\\ / ___'_ __ _ _(_)_ __  __ _ \ \ \ \
( ( )\___ | '_ | '_| | '_ \/ _` | \ \ \ \
 \\/  ___)| |_)| | | | | || (_| |  ) ) ) )
  '  |____| .__|_| |_|_| |_\__, | / / / /
 =========|_|==============|___/=/_/_/_/

 :: Spring Boot ::                (v3.4.0)

2024-12-08T18:06:48.067+09:00  INFO 83828 --- [imgSystemDemo] [    Test worker] imgsystem.demo.ImgSystemServiceTest      : Starting ImgSystemServiceTest using Java 17.0.10 with PID 83828 (started by jeonghyeonjin in /Users/jeonghyeonjin/Documents/Github/img-system-demo)
2024-12-08T18:06:48.072+09:00  INFO 83828 --- [imgSystemDemo] [    Test worker] imgsystem.demo.ImgSystemServiceTest      : No active profile set, falling back to 1 default profile: "default"
2024-12-08T18:06:50.113+09:00  WARN 83828 --- [imgSystemDemo] [    Test worker] trationDelegate$BeanPostProcessorChecker : Bean 'org.springframework.ws.config.annotation.DelegatingWsConfiguration' of type [org.springframework.ws.config.annotation.DelegatingWsConfiguration$$SpringCGLIB$$0] is not eligible for getting processed by all BeanPostProcessors (for example: not eligible for auto-proxying). The currently created BeanPostProcessor [annotationActionEndpointMapping] is declared through a non-static factory method on that class; consider declaring it as static instead.
2024-12-08T18:06:50.167+09:00  INFO 83828 --- [imgSystemDemo] [    Test worker] .w.s.a.s.AnnotationActionEndpointMapping : Supporting [WS-Addressing August 2004, WS-Addressing 1.0]
2024-12-08T18:06:51.290+09:00  INFO 83828 --- [imgSystemDemo] [    Test worker] imgsystem.demo.ImgSystemServiceTest      : Started ImgSystemServiceTest in 3.915 seconds (process running for 6.452)
]]></system-out>
  <system-err><![CDATA[]]></system-err>
</testsuite>
